Release 14.7 - xst P.20131013 (nt64)
Copyright (c) 1995-2013 Xilinx, Inc.  All rights reserved.
--> Parameter TMPDIR set to xst/projnav.tmp


Total REAL time to Xst completion: 0.00 secs
Total CPU time to Xst completion: 0.10 secs
 
--> Parameter xsthdpdir set to xst


Total REAL time to Xst completion: 0.00 secs
Total CPU time to Xst completion: 0.10 secs
 
--> Reading design: main.prj

TABLE OF CONTENTS
  1) Synthesis Options Summary
  2) HDL Parsing
  3) HDL Elaboration
  4) HDL Synthesis
       4.1) HDL Synthesis Report
  5) Advanced HDL Synthesis
       5.1) Advanced HDL Synthesis Report
  6) Low Level Synthesis
  7) Partition Report
  8) Design Summary
       8.1) Primitive and Black Box Usage
       8.2) Device utilization summary
       8.3) Partition Resource Summary
       8.4) Timing Report
            8.4.1) Clock Information
            8.4.2) Asynchronous Control Signals Information
            8.4.3) Timing Summary
            8.4.4) Timing Details
            8.4.5) Cross Clock Domains Report


=========================================================================
*                      Synthesis Options Summary                        *
=========================================================================
---- Source Parameters
Input File Name                    : "main.prj"
Ignore Synthesis Constraint File   : NO

---- Target Parameters
Output File Name                   : "main"
Output Format                      : NGC
Target Device                      : xc6slx4-3-tqg144

---- Source Options
Top Module Name                    : main
Automatic FSM Extraction           : YES
FSM Encoding Algorithm             : Auto
Safe Implementation                : No
FSM Style                          : LUT
RAM Extraction                     : Yes
RAM Style                          : Auto
ROM Extraction                     : Yes
Shift Register Extraction          : YES
ROM Style                          : Auto
Resource Sharing                   : YES
Asynchronous To Synchronous        : NO
Shift Register Minimum Size        : 2
Use DSP Block                      : Auto
Automatic Register Balancing       : No

---- Target Options
LUT Combining                      : Auto
Reduce Control Sets                : Auto
Add IO Buffers                     : YES
Global Maximum Fanout              : 100000
Add Generic Clock Buffer(BUFG)     : 16
Register Duplication               : YES
Optimize Instantiated Primitives   : NO
Use Clock Enable                   : Auto
Use Synchronous Set                : Auto
Use Synchronous Reset              : Auto
Pack IO Registers into IOBs        : Auto
Equivalent register Removal        : YES

---- General Options
Optimization Goal                  : Speed
Optimization Effort                : 1
Power Reduction                    : NO
Keep Hierarchy                     : No
Netlist Hierarchy                  : As_Optimized
RTL Output                         : Yes
Global Optimization                : AllClockNets
Read Cores                         : YES
Write Timing Constraints           : NO
Cross Clock Analysis               : NO
Hierarchy Separator                : /
Bus Delimiter                      : <>
Case Specifier                     : Maintain
Slice Utilization Ratio            : 100
BRAM Utilization Ratio             : 100
DSP48 Utilization Ratio            : 100
Auto BRAM Packing                  : NO
Slice Utilization Ratio Delta      : 5

=========================================================================


=========================================================================
*                          HDL Parsing                                  *
=========================================================================
Analyzing Verilog file "D:\com\fpga project\fpga_project\CRC.v" into library work
Parsing module <CRC>.
Analyzing Verilog file "D:\com\fpga project\fpga_project\node.v" into library work
Parsing module <node>.
Analyzing Verilog file "D:\com\fpga project\fpga_project\main.v" into library work
Parsing module <main>.

=========================================================================
*                            HDL Elaboration                            *
=========================================================================

Elaborating module <main>.

Elaborating module <node>.
WARNING:HDLCompiler:872 - "D:\com\fpga project\fpga_project\node.v" Line 27: Using initial value of startBit since it is never assigned
WARNING:HDLCompiler:872 - "D:\com\fpga project\fpga_project\node.v" Line 28: Using initial value of endBit since it is never assigned

Elaborating module <CRC>.
WARNING:HDLCompiler:413 - "D:\com\fpga project\fpga_project\CRC.v" Line 42: Result of 5-bit expression is truncated to fit in 4-bit target.
WARNING:HDLCompiler:1127 - "D:\com\fpga project\fpga_project\node.v" Line 105: Assignment to DataOut ignored, since the identifier is never used
WARNING:HDLCompiler:634 - "D:\com\fpga project\fpga_project\node.v" Line 30: Net <dataSize[1]> does not have a driver.
ERROR:HDLCompiler:1401 - "D:\com\fpga project\fpga_project\main.v" Line 56: Signal main_bus in unit main is connected to following multiple drivers:
Driver 0: node1/main_bus driven by output signal main_bus_temp of instance Flip-Flop (node1).
Driver 1: node2/main_bus driven by output signal main_bus_temp of instance Flip-Flop (node2).
Driver 2: node3/main_bus driven by output signal main_bus_temp of instance Flip-Flop (node3).
Driver 3: node4/main_bus driven by output signal main_bus_temp of instance Flip-Flop (node4).
Driver 4: node5/main_bus driven by output signal main_bus_temp of instance Flip-Flop (node5).
Driver 5: node6/main_bus driven by output signal main_bus_temp of instance Flip-Flop (node6).
Driver 6: node7/main_bus driven by output signal main_bus_temp of instance Flip-Flop (node7).
Driver 7: node8/main_bus driven by output signal main_bus_temp of instance Flip-Flop (node8).
Driver 8: node9/main_bus driven by output signal main_bus_temp of instance Flip-Flop (node9).
Driver 9: node10/main_bus driven by output signal main_bus_temp of instance Flip-Flop (node10).
Driver 10: node11/main_bus driven by output signal main_bus_temp of instance Flip-Flop (node11).
Driver 11: node12/main_bus driven by output signal main_bus_temp of instance Flip-Flop (node12).
Driver 12: node13/main_bus driven by output signal main_bus_temp of instance Flip-Flop (node13).
Driver 13: node14/main_bus driven by output signal main_bus_temp of instance Flip-Flop (node14).
Driver 14: node15/main_bus driven by output signal main_bus_temp of instance Flip-Flop (node15).
Driver 15: node16/main_bus driven by output signal main_bus_temp of instance Flip-Flop (node16).
ERROR:HDLCompiler:1401 - "D:\com\fpga project\fpga_project\main.v" Line 40: Signal isFree in unit main is connected to following multiple drivers:
Driver 0: node1/isFree driven by output signal isFree_temp of instance Flip-Flop (node1).
Driver 1: node2/isFree driven by output signal isFree_temp of instance Flip-Flop (node2).
Driver 2: node3/isFree driven by output signal isFree_temp of instance Flip-Flop (node3).
Driver 3: node4/isFree driven by output signal isFree_temp of instance Flip-Flop (node4).
Driver 4: node5/isFree driven by output signal isFree_temp of instance Flip-Flop (node5).
Driver 5: node6/isFree driven by output signal isFree_temp of instance Flip-Flop (node6).
Driver 6: node7/isFree driven by output signal isFree_temp of instance Flip-Flop (node7).
Driver 7: node8/isFree driven by output signal isFree_temp of instance Flip-Flop (node8).
Driver 8: node9/isFree driven by output signal isFree_temp of instance Flip-Flop (node9).
Driver 9: node10/isFree driven by output signal isFree_temp of instance Flip-Flop (node10).
Driver 10: node11/isFree driven by output signal isFree_temp of instance Flip-Flop (node11).
Driver 11: node12/isFree driven by output signal isFree_temp of instance Flip-Flop (node12).
Driver 12: node13/isFree driven by output signal isFree_temp of instance Flip-Flop (node13).
Driver 13: node14/isFree driven by output signal isFree_temp of instance Flip-Flop (node14).
Driver 14: node15/isFree driven by output signal isFree_temp of instance Flip-Flop (node15).
Driver 15: node16/isFree driven by output signal isFree_temp of instance Flip-Flop (node16).
Driver 16: output signal of instance Power (PWR_1_o_BUF_1).
Module main remains a blackbox, due to errors in its contents
WARNING:HDLCompiler:1499 - "D:\com\fpga project\fpga_project\main.v" Line 21: Empty module <main> remains a black box.
--> 

Total memory usage is 293000 kilobytes

Number of errors   :    2 (   0 filtered)
Number of warnings :    6 (   0 filtered)
Number of infos    :    0 (   0 filtered)

